{"C:\\laragon\\www\\ToolsManager\\app\\routes.ts": {"path":"C:\\laragon\\www\\ToolsManager\\app\\routes.ts","statementMap":{"0":{"start":{"line":1,"column":0},"end":{"line":1,"column":30}},"1":{"start":{"line":2,"column":0},"end":{"line":2,"column":48}},"2":{"start":{"line":3,"column":0},"end":{"line":3,"column":46}},"3":{"start":{"line":4,"column":0},"end":{"line":4,"column":48}},"4":{"start":{"line":6,"column":15},"end":{"line":6,"column":31}},"5":{"start":{"line":8,"column":0},"end":{"line":8,"column":99}},"6":{"start":{"line":8,"column":31},"end":{"line":8,"column":97}},"7":{"start":{"line":10,"column":0},"end":{"line":10,"column":67}},"8":{"start":{"line":12,"column":0},"end":{"line":12,"column":73}},"9":{"start":{"line":13,"column":0},"end":{"line":13,"column":51}},"10":{"start":{"line":14,"column":0},"end":{"line":14,"column":53}},"11":{"start":{"line":15,"column":0},"end":{"line":15,"column":57}},"12":{"start":{"line":18,"column":0},"end":{"line":18,"column":46}},"13":{"start":{"line":20,"column":0},"end":{"line":20,"column":22}}},"fnMap":{"0":{"name":"(anonymous_1)","decl":{"start":{"line":8,"column":16},"end":{"line":8,"column":17}},"loc":{"start":{"line":8,"column":29},"end":{"line":8,"column":97}}}},"branchMap":{},"s":{"0":1,"1":1,"2":1,"3":1,"4":1,"5":1,"6":1,"7":1,"8":1,"9":1,"10":1,"11":1,"12":1,"13":1},"f":{"0":1},"b":{}}
,"C:\\laragon\\www\\ToolsManager\\app\\controllers\\ToolsController.ts": {"path":"C:\\laragon\\www\\ToolsManager\\app\\controllers\\ToolsController.ts","statementMap":{"0":{"start":{"line":2,"column":0},"end":{"line":2,"column":57}},"1":{"start":{"line":3,"column":0},"end":{"line":3,"column":34}},"2":{"start":{"line":4,"column":0},"end":{"line":4,"column":52}},"3":{"start":{"line":7,"column":2},"end":{"line":13,"column":null}},"4":{"start":{"line":8,"column":18},"end":{"line":8,"column":46}},"5":{"start":{"line":10,"column":4},"end":{"line":10,"column":43}},"6":{"start":{"line":12,"column":4},"end":{"line":12,"column":null}},"7":{"start":{"line":6,"column":0},"end":{"line":6,"column":22}},"8":{"start":{"line":17,"column":2},"end":{"line":24,"column":null}},"9":{"start":{"line":18,"column":15},"end":{"line":18,"column":28}},"10":{"start":{"line":19,"column":17},"end":{"line":19,"column":40}},"11":{"start":{"line":21,"column":4},"end":{"line":21,"column":42}},"12":{"start":{"line":23,"column":4},"end":{"line":23,"column":null}},"13":{"start":{"line":16,"column":0},"end":{"line":16,"column":22}},"14":{"start":{"line":28,"column":2},"end":{"line":34,"column":null}},"15":{"start":{"line":29,"column":17},"end":{"line":29,"column":44}},"16":{"start":{"line":31,"column":4},"end":{"line":31,"column":42}},"17":{"start":{"line":33,"column":4},"end":{"line":33,"column":null}},"18":{"start":{"line":27,"column":0},"end":{"line":27,"column":22}},"19":{"start":{"line":38,"column":2},"end":{"line":45,"column":null}},"20":{"start":{"line":39,"column":15},"end":{"line":39,"column":28}},"21":{"start":{"line":40,"column":4},"end":{"line":40,"column":46}},"22":{"start":{"line":42,"column":4},"end":{"line":42,"column":36}},"23":{"start":{"line":44,"column":4},"end":{"line":44,"column":null}},"24":{"start":{"line":37,"column":0},"end":{"line":37,"column":22}},"25":{"start":{"line":49,"column":2},"end":{"line":56,"column":null}},"26":{"start":{"line":50,"column":15},"end":{"line":50,"column":28}},"27":{"start":{"line":51,"column":4},"end":{"line":51,"column":36}},"28":{"start":{"line":53,"column":4},"end":{"line":53,"column":36}},"29":{"start":{"line":55,"column":4},"end":{"line":55,"column":null}},"30":{"start":{"line":48,"column":0},"end":{"line":48,"column":22}},"31":{"start":{"line":61,"column":15},"end":{"line":64,"column":4}},"32":{"start":{"line":67,"column":2},"end":{"line":67,"column":20}},"33":{"start":{"line":70,"column":2},"end":{"line":70,"column":61}},"34":{"start":{"line":73,"column":2},"end":{"line":76,"column":5}},"35":{"start":{"line":79,"column":2},"end":{"line":81,"column":50}},"36":{"start":{"line":80,"column":25},"end":{"line":80,"column":51}},"37":{"start":{"line":81,"column":24},"end":{"line":81,"column":48}},"38":{"start":{"line":84,"column":16},"end":{"line":84,"column":33}},"39":{"start":{"line":85,"column":2},"end":{"line":85,"column":33}},"40":{"start":{"line":59,"column":0},"end":{"line":59,"column":22}}},"fnMap":{"0":{"name":"index","decl":{"start":{"line":6,"column":22},"end":{"line":6,"column":27}},"loc":{"start":{"line":6,"column":55},"end":{"line":14,"column":null}}},"1":{"name":"show","decl":{"start":{"line":16,"column":22},"end":{"line":16,"column":26}},"loc":{"start":{"line":16,"column":54},"end":{"line":25,"column":null}}},"2":{"name":"store","decl":{"start":{"line":27,"column":22},"end":{"line":27,"column":27}},"loc":{"start":{"line":27,"column":55},"end":{"line":35,"column":null}}},"3":{"name":"update","decl":{"start":{"line":37,"column":22},"end":{"line":37,"column":28}},"loc":{"start":{"line":37,"column":56},"end":{"line":46,"column":null}}},"4":{"name":"destroy","decl":{"start":{"line":48,"column":22},"end":{"line":48,"column":29}},"loc":{"start":{"line":48,"column":57},"end":{"line":57,"column":null}}},"5":{"name":"test","decl":{"start":{"line":59,"column":22},"end":{"line":59,"column":26}},"loc":{"start":{"line":59,"column":54},"end":{"line":86,"column":null}}},"6":{"name":"(anonymous_26)","decl":{"start":{"line":80,"column":8},"end":{"line":80,"column":9}},"loc":{"start":{"line":80,"column":22},"end":{"line":80,"column":51}}},"7":{"name":"(anonymous_27)","decl":{"start":{"line":81,"column":9},"end":{"line":81,"column":10}},"loc":{"start":{"line":81,"column":22},"end":{"line":81,"column":48}}}},"branchMap":{},"s":{"0":1,"1":1,"2":1,"3":0,"4":0,"5":0,"6":0,"7":1,"8":0,"9":0,"10":0,"11":0,"12":0,"13":1,"14":0,"15":0,"16":0,"17":0,"18":1,"19":0,"20":0,"21":0,"22":0,"23":0,"24":1,"25":0,"26":0,"27":0,"28":0,"29":0,"30":1,"31":0,"32":0,"33":0,"34":0,"35":0,"36":0,"37":0,"38":0,"39":0,"40":1},"f":{"0":0,"1":0,"2":0,"3":0,"4":0,"5":0,"6":0,"7":0},"b":{}}
,"C:\\laragon\\www\\ToolsManager\\app\\controllers\\index.ts": {"path":"C:\\laragon\\www\\ToolsManager\\app\\controllers\\index.ts","statementMap":{"0":{"start":{"line":1,"column":0},"end":{"line":1,"column":53}}},"fnMap":{},"branchMap":{},"s":{"0":1},"f":{},"b":{}}
,"C:\\laragon\\www\\ToolsManager\\app\\handlers\\Exceptions.ts": {"path":"C:\\laragon\\www\\ToolsManager\\app\\handlers\\Exceptions.ts","statementMap":{"0":{"start":{"line":3,"column":0},"end":{"line":3,"column":52}},"1":{"start":{"line":5,"column":13},"end":{"line":16,"column":2}},"2":{"start":{"line":11,"column":17},"end":{"line":11,"column":40}},"3":{"start":{"line":13,"column":4},"end":{"line":13,"column":74}},"4":{"start":{"line":15,"column":2},"end":{"line":15,"column":39}},"5":{"start":{"line":18,"column":13},"end":{"line":27,"column":2}},"6":{"start":{"line":24,"column":18},"end":{"line":24,"column":73}},"7":{"start":{"line":26,"column":2},"end":{"line":26,"column":44}}},"fnMap":{"0":{"name":"(anonymous_6)","decl":{"start":{"line":5,"column":28},"end":{"line":5,"column":null}},"loc":{"start":{"line":10,"column":4},"end":{"line":16,"column":1}}},"1":{"name":"(anonymous_7)","decl":{"start":{"line":18,"column":31},"end":{"line":18,"column":null}},"loc":{"start":{"line":22,"column":4},"end":{"line":27,"column":1}}}},"branchMap":{"0":{"loc":{"start":{"line":11,"column":17},"end":{"line":11,"column":33}},"type":"binary-expr","locations":[{"start":{"line":11,"column":17},"end":{"line":11,"column":33}},{"start":{"line":11,"column":37},"end":{"line":11,"column":40}}]},"1":{"loc":{"start":{"line":13,"column":4},"end":{"line":13,"column":17}},"type":"binary-expr","locations":[{"start":{"line":13,"column":4},"end":{"line":13,"column":17}},{"start":{"line":13,"column":21},"end":{"line":13,"column":74}}]}},"s":{"0":1,"1":1,"2":0,"3":0,"4":0,"5":1,"6":0,"7":0},"f":{"0":0,"1":0},"b":{"0":[0,0],"1":[0,0]}}
,"C:\\laragon\\www\\ToolsManager\\app\\middlewares\\ToolsMiddleware.ts": {"path":"C:\\laragon\\www\\ToolsManager\\app\\middlewares\\ToolsMiddleware.ts","statementMap":{"0":{"start":{"line":4,"column":2},"end":{"line":4,"column":33}},"1":{"start":{"line":6,"column":2},"end":{"line":6,"column":16}},"2":{"start":{"line":3,"column":0},"end":{"line":3,"column":30}}},"fnMap":{"0":{"name":"default_1","decl":{"start":{"line":3,"column":0},"end":{"line":3,"column":30}},"loc":{"start":{"line":3,"column":86},"end":{"line":7,"column":null}}}},"branchMap":{},"s":{"0":0,"1":0,"2":1},"f":{"0":0},"b":{}}
,"C:\\laragon\\www\\ToolsManager\\app\\middlewares\\index.ts": {"path":"C:\\laragon\\www\\ToolsManager\\app\\middlewares\\index.ts","statementMap":{"0":{"start":{"line":1,"column":0},"end":{"line":1,"column":9}},"1":{"start":{"line":1,"column":9},"end":{"line":1,"column":35}}},"fnMap":{"0":{"name":"(anonymous_0)","decl":{"start":{"line":1,"column":9},"end":{"line":1,"column":16}},"loc":{"start":{"line":1,"column":9},"end":{"line":1,"column":35}}}},"branchMap":{},"s":{"0":1,"1":2},"f":{"0":1},"b":{}}
,"C:\\laragon\\www\\ToolsManager\\app\\models\\Tool.ts": {"path":"C:\\laragon\\www\\ToolsManager\\app\\models\\Tool.ts","statementMap":{"0":{"start":{"line":1,"column":0},"end":{"line":1,"column":93}},"1":{"start":{"line":18,"column":8},"end":{"line":18,"column":43}},"2":{"start":{"line":23,"column":8},"end":{"line":23,"column":null}},"3":{"start":{"line":5,"column":4},"end":{"line":5,"column":null}},"4":{"start":{"line":8,"column":4},"end":{"line":8,"column":null}},"5":{"start":{"line":11,"column":4},"end":{"line":11,"column":null}},"6":{"start":{"line":14,"column":4},"end":{"line":14,"column":null}},"7":{"start":{"line":27,"column":18},"end":{"line":27,"column":40}},"8":{"start":{"line":29,"column":0},"end":{"line":29,"column":25}}},"fnMap":{"0":{"name":"(anonymous_9)","decl":{"start":{"line":17,"column":11},"end":{"line":17,"column":17}},"loc":{"start":{"line":17,"column":79},"end":{"line":19,"column":5}}},"1":{"name":"(anonymous_10)","decl":{"start":{"line":22,"column":17},"end":{"line":22,"column":31}},"loc":{"start":{"line":22,"column":31},"end":{"line":24,"column":null}}}},"branchMap":{},"s":{"0":1,"1":0,"2":0,"3":1,"4":1,"5":1,"6":1,"7":1,"8":1},"f":{"0":0,"1":0},"b":{}}
,"C:\\laragon\\www\\ToolsManager\\app\\services\\ToolsService.ts": {"path":"C:\\laragon\\www\\ToolsManager\\app\\services\\ToolsService.ts","statementMap":{"0":{"start":{"line":1,"column":0},"end":{"line":1,"column":34}},"1":{"start":{"line":4,"column":2},"end":{"line":4,"column":27}},"2":{"start":{"line":3,"column":0},"end":{"line":3,"column":22}}},"fnMap":{"0":{"name":"listAll","decl":{"start":{"line":3,"column":22},"end":{"line":3,"column":29}},"loc":{"start":{"line":3,"column":29},"end":{"line":5,"column":null}}}},"branchMap":{},"s":{"0":1,"1":0,"2":1},"f":{"0":0},"b":{}}
,"C:\\laragon\\www\\ToolsManager\\app\\utils\\respondWith.ts": {"path":"C:\\laragon\\www\\ToolsManager\\app\\utils\\respondWith.ts","statementMap":{"0":{"start":{"line":5,"column":13},"end":{"line":8,"column":3}},"1":{"start":{"line":5,"column":92},"end":{"line":8,"column":3}},"2":{"start":{"line":5,"column":93},"end":{"line":8,"column":3}},"3":{"start":{"line":10,"column":13},"end":{"line":13,"column":3}},"4":{"start":{"line":10,"column":89},"end":{"line":13,"column":3}},"5":{"start":{"line":10,"column":90},"end":{"line":13,"column":3}},"6":{"start":{"line":15,"column":13},"end":{"line":18,"column":3}},"7":{"start":{"line":15,"column":96},"end":{"line":18,"column":3}},"8":{"start":{"line":15,"column":97},"end":{"line":18,"column":3}}},"fnMap":{"0":{"name":"(anonymous_7)","decl":{"start":{"line":5,"column":23},"end":{"line":5,"column":30}},"loc":{"start":{"line":5,"column":92},"end":{"line":8,"column":3}}},"1":{"name":"(anonymous_8)","decl":{"start":{"line":5,"column":92},"end":{"line":5,"column":93}},"loc":{"start":{"line":5,"column":92},"end":{"line":8,"column":3}}},"2":{"name":"(anonymous_9)","decl":{"start":{"line":10,"column":20},"end":{"line":10,"column":27}},"loc":{"start":{"line":10,"column":89},"end":{"line":13,"column":3}}},"3":{"name":"(anonymous_10)","decl":{"start":{"line":10,"column":89},"end":{"line":10,"column":90}},"loc":{"start":{"line":10,"column":89},"end":{"line":13,"column":3}}},"4":{"name":"(anonymous_11)","decl":{"start":{"line":15,"column":21},"end":{"line":15,"column":28}},"loc":{"start":{"line":15,"column":96},"end":{"line":18,"column":3}}},"5":{"name":"(anonymous_12)","decl":{"start":{"line":15,"column":96},"end":{"line":15,"column":97}},"loc":{"start":{"line":15,"column":96},"end":{"line":18,"column":3}}}},"branchMap":{"0":{"loc":{"start":{"line":5,"column":62},"end":{"line":5,"column":64}},"type":"default-arg","locations":[{"start":{"line":5,"column":62},"end":{"line":5,"column":64}}]},"1":{"loc":{"start":{"line":5,"column":85},"end":{"line":5,"column":88}},"type":"default-arg","locations":[{"start":{"line":5,"column":85},"end":{"line":5,"column":88}}]},"2":{"loc":{"start":{"line":10,"column":59},"end":{"line":10,"column":61}},"type":"default-arg","locations":[{"start":{"line":10,"column":59},"end":{"line":10,"column":61}}]},"3":{"loc":{"start":{"line":10,"column":82},"end":{"line":10,"column":85}},"type":"default-arg","locations":[{"start":{"line":10,"column":82},"end":{"line":10,"column":85}}]},"4":{"loc":{"start":{"line":15,"column":66},"end":{"line":15,"column":68}},"type":"default-arg","locations":[{"start":{"line":15,"column":66},"end":{"line":15,"column":68}}]},"5":{"loc":{"start":{"line":15,"column":89},"end":{"line":15,"column":92}},"type":"default-arg","locations":[{"start":{"line":15,"column":89},"end":{"line":15,"column":92}}]}},"s":{"0":1,"1":0,"2":0,"3":1,"4":0,"5":0,"6":1,"7":0,"8":0},"f":{"0":0,"1":0,"2":0,"3":0,"4":0,"5":0},"b":{"0":[0],"1":[0],"2":[0],"3":[0],"4":[0],"5":[0]}}
,"C:\\laragon\\www\\ToolsManager\\app\\validators\\ToolsValidator.ts": {"path":"C:\\laragon\\www\\ToolsManager\\app\\validators\\ToolsValidator.ts","statementMap":{"0":{"start":{"line":1,"column":45},"end":{"line":1,"column":65}},"1":{"start":{"line":3,"column":13},"end":{"line":13,"column":null}},"2":{"start":{"line":15,"column":13},"end":{"line":25,"column":null}}},"fnMap":{},"branchMap":{},"s":{"0":1,"1":1,"2":1},"f":{},"b":{}}
,"C:\\laragon\\www\\ToolsManager\\app\\validators\\index.ts": {"path":"C:\\laragon\\www\\ToolsManager\\app\\validators\\index.ts","statementMap":{"0":{"start":{"line":1,"column":0},"end":{"line":1,"column":51}}},"fnMap":{},"branchMap":{},"s":{"0":1},"f":{},"b":{}}
,"C:\\laragon\\www\\ToolsManager\\database\\mongo-init.ts": {"path":"C:\\laragon\\www\\ToolsManager\\database\\mongo-init.ts","statementMap":{"0":{"start":{"line":1,"column":0},"end":{"line":1,"column":32}},"1":{"start":{"line":3,"column":13},"end":{"line":16,"column":null}},"2":{"start":{"line":5,"column":105},"end":{"line":5,"column":116}},"3":{"start":{"line":6,"column":4},"end":{"line":10,"column":null}},"4":{"start":{"line":7,"column":8},"end":{"line":7,"column":94}},"5":{"start":{"line":9,"column":8},"end":{"line":9,"column":108}},"6":{"start":{"line":11,"column":4},"end":{"line":11,"column":56}},"7":{"start":{"line":12,"column":4},"end":{"line":12,"column":78}},"8":{"start":{"line":13,"column":4},"end":{"line":13,"column":38}},"9":{"start":{"line":14,"column":13},"end":{"line":14,"column":32}},"10":{"start":{"line":15,"column":4},"end":{"line":15,"column":79}},"11":{"start":{"line":19,"column":13},"end":{"line":21,"column":null}},"12":{"start":{"line":19,"column":37},"end":{"line":21,"column":null}},"13":{"start":{"line":20,"column":4},"end":{"line":20,"column":32}}},"fnMap":{"0":{"name":"(anonymous_8)","decl":{"start":{"line":3,"column":23},"end":{"line":3,"column":26}},"loc":{"start":{"line":3,"column":28},"end":{"line":16,"column":1}}},"1":{"name":"(anonymous_9)","decl":{"start":{"line":19,"column":26},"end":{"line":19,"column":35}},"loc":{"start":{"line":19,"column":37},"end":{"line":21,"column":null}}},"2":{"name":"(anonymous_10)","decl":{"start":{"line":19,"column":37},"end":{"line":19,"column":null}},"loc":{"start":{"line":19,"column":37},"end":{"line":21,"column":1}}}},"branchMap":{"0":{"loc":{"start":{"line":6,"column":4},"end":{"line":10,"column":null}},"type":"if","locations":[{"start":{"line":6,"column":4},"end":{"line":10,"column":null}},{"start":{"line":6,"column":4},"end":{"line":10,"column":null}}]},"1":{"loc":{"start":{"line":11,"column":26},"end":{"line":11,"column":45}},"type":"binary-expr","locations":[{"start":{"line":11,"column":26},"end":{"line":11,"column":45}},{"start":{"line":11,"column":49},"end":{"line":11,"column":54}}]}},"s":{"0":1,"1":1,"2":1,"3":1,"4":0,"5":1,"6":1,"7":1,"8":1,"9":1,"10":1,"11":1,"12":0,"13":0},"f":{"0":1,"1":0,"2":0},"b":{"0":[0,1],"1":[1,0]}}
,"C:\\laragon\\www\\ToolsManager\\server\\app.ts": {"path":"C:\\laragon\\www\\ToolsManager\\server\\app.ts","statementMap":{"0":{"start":{"line":1,"column":0},"end":{"line":1,"column":36}},"1":{"start":{"line":2,"column":0},"end":{"line":2,"column":24}},"2":{"start":{"line":3,"column":0},"end":{"line":3,"column":33}},"3":{"start":{"line":4,"column":0},"end":{"line":4,"column":75}},"4":{"start":{"line":5,"column":0},"end":{"line":5,"column":35}},"5":{"start":{"line":6,"column":0},"end":{"line":6,"column":50}},"6":{"start":{"line":8,"column":0},"end":{"line":8,"column":16}},"7":{"start":{"line":9,"column":33},"end":{"line":9,"column":42}},"8":{"start":{"line":11,"column":0},"end":{"line":11,"column":18}},"9":{"start":{"line":13,"column":0},"end":{"line":13,"column":16}},"10":{"start":{"line":14,"column":0},"end":{"line":14,"column":24}},"11":{"start":{"line":16,"column":0},"end":{"line":16,"column":16}},"12":{"start":{"line":18,"column":0},"end":{"line":18,"column":22}},"13":{"start":{"line":19,"column":0},"end":{"line":19,"column":25}},"14":{"start":{"line":22,"column":0},"end":{"line":22,"column":19}}},"fnMap":{},"branchMap":{},"s":{"0":1,"1":1,"2":1,"3":1,"4":1,"5":1,"6":1,"7":1,"8":1,"9":1,"10":1,"11":1,"12":1,"13":1,"14":1},"f":{},"b":{}}
}
